{"numFailedTestSuites":0,"numFailedTests":0,"numPassedTestSuites":3,"numPassedTests":6,"numPendingTestSuites":0,"numPendingTests":0,"numRuntimeErrorTestSuites":0,"numTodoTests":0,"numTotalTestSuites":3,"numTotalTests":6,"openHandles":[],"snapshot":{"added":0,"didUpdate":false,"failure":false,"filesAdded":0,"filesRemoved":0,"filesRemovedList":[],"filesUnmatched":0,"filesUpdated":0,"matched":0,"total":0,"unchecked":0,"uncheckedKeysByFile":[],"unmatched":0,"updated":0},"startTime":1765484811119,"success":true,"testResults":[{"assertionResults":[{"ancestorTitles":["bff-auth - integration (real DB) - refresh token flows"],"duration":84,"failureDetails":[],"failureMessages":[],"fullName":"bff-auth - integration (real DB) - refresh token flows register -> login -> token rotation -> logout","invocations":1,"location":null,"numPassingAsserts":8,"retryReasons":[],"status":"passed","title":"register -> login -> token rotation -> logout"}],"endTime":1765484811547,"message":"","name":"/Users/ankur/projects/niyati/be/bff-auth/tests/integration/refresh.int.test.js","startTime":1765484811141,"status":"passed","summary":""},{"assertionResults":[{"ancestorTitles":["bff-auth - integration /auth/me"],"duration":4,"failureDetails":[],"failureMessages":[],"fullName":"bff-auth - integration /auth/me GET /auth/me with valid bearer token returns user","invocations":1,"location":null,"numPassingAsserts":4,"retryReasons":[],"status":"passed","title":"GET /auth/me with valid bearer token returns user"},{"ancestorTitles":["bff-auth - integration /auth/me"],"duration":1,"failureDetails":[],"failureMessages":[],"fullName":"bff-auth - integration /auth/me GET /auth/me without token returns UNAUTHORIZED","invocations":1,"location":null,"numPassingAsserts":2,"retryReasons":[],"status":"passed","title":"GET /auth/me without token returns UNAUTHORIZED"}],"endTime":1765484811604,"message":"","name":"/Users/ankur/projects/niyati/be/bff-auth/tests/integration/me.int.test.js","startTime":1765484811549,"status":"passed","summary":""},{"assertionResults":[{"ancestorTitles":["bff-auth - validation/unit tests"],"duration":3,"failureDetails":[],"failureMessages":[],"fullName":"bff-auth - validation/unit tests POST /auth/login with invalid email returns UNAUTHORIZED","invocations":1,"location":null,"numPassingAsserts":3,"retryReasons":[],"status":"passed","title":"POST /auth/login with invalid email returns UNAUTHORIZED"},{"ancestorTitles":["bff-auth - validation/unit tests"],"duration":2,"failureDetails":[],"failureMessages":[],"fullName":"bff-auth - validation/unit tests POST /auth/register with short password returns VALIDATION_ERROR","invocations":1,"location":null,"numPassingAsserts":2,"retryReasons":[],"status":"passed","title":"POST /auth/register with short password returns VALIDATION_ERROR"},{"ancestorTitles":["bff-auth - validation/unit tests"],"duration":1,"failureDetails":[],"failureMessages":[],"fullName":"bff-auth - validation/unit tests POST /auth/request-password-reset with invalid email returns success","invocations":1,"location":null,"numPassingAsserts":3,"retryReasons":[],"status":"passed","title":"POST /auth/request-password-reset with invalid email returns success"}],"endTime":1765484811660,"message":"","name":"/Users/ankur/projects/niyati/be/bff-auth/tests/unit/auth.validation.test.js","startTime":1765484811605,"status":"passed","summary":""}],"wasInterrupted":false}
